<?xml version="1.0" encoding="UTF-8"?>
<!-- Generated by org.testng.reporters.JUnitXMLReporter -->
<testsuite hostname="johnnys-mbp.partner.bs.br.bsch" ignored="0" name="Artemis" tests="11" failures="1" timestamp="19 Oct 2018 14:33:36 GMT" time="1006.003" errors="0">
  <testcase name="test" time="58.288" classname="br.com.ibm.s2m.evolutionManager.validarTextoAbaixodaMeta"/>
  <testcase name="test" time="65.944" classname="br.com.ibm.s2m.heatMap.validarTextoHeatMapdeCanais"/>
  <testcase name="test" time="134.232" classname="br.com.ibm.s2m.sideFilter.validarVisaoGestorSidefilter"/>
  <testcase name="primeiroteste" time="108.547" classname="br.com.s2m.statusactionplan.StatusActionPlan">
    <failure type="java.lang.NullPointerException">
      <![CDATA[java.lang.NullPointerException
at br.com.s2m.statusactionplan.StatusActionPlan.primeiroteste(StatusActionPlan.java:19)
... Removed 25 stack frames]]>
    </failure>
  </testcase> <!-- primeiroteste -->
  <testcase name="primeiroteste" time="94.641" classname="br.com.s2m.statuscockpit.StatusCockpitTotalTabelaERegua"/>
  <testcase name="test" time="53.864" classname="br.com.ibm.s2m.rankingManager.validarNomeTelaRanking"/>
  <testcase name="test" time="64.916" classname="br.com.ibm.s2m.risksEHT.validarN1eN2RiscosEHT"/>
  <testcase name="test" time="66.496" classname="br.com.ibm.s2m.evolutionManager.validarGraficoGestoresN2"/>
  <testcase name="primeiroteste" time="69.931" classname="br.com.s2m.statusactionplan.StatusActionPlanComboGestorResponsavel"/>
  <testcase name="primeiroteste" time="125.199" classname="br.com.s2m.statuscockpit.StatusCockpitOrdemNivelTabela"/>
  <testcase name="primeiroteste" time="98.012" classname="br.com.s2m.statuscockpit.StatusCockpitOrdemNivelNotaFinal"/>
</testsuite> <!-- Artemis -->
